<?xml version="1.0" encoding="UTF-8"?>
<!-- Generated by org.testng.reporters.JUnitReportReporter -->
<testsuite hostname="M5-D-HXFVXJ2" name="executionEngine.DriverScriptTest" tests="1" failures="0" timestamp="31 Oct 2018 10:03:39 GMT" time="19.009" errors="0">
  <testcase name="Test" time="19.009" classname="executionEngine.DriverScriptTest"/>
</testsuite>
