<?xml version="1.0" encoding="UTF-8"?>
<!-- Generated by org.testng.reporters.JUnitReportReporter -->
<testsuite skipped="0" hostname="M5-D-HXFVXJ2" name="executionEngine.DriverScriptTest" tests="1" failures="0" timestamp="31 Oct 2018 10:15:06 GMT" time="18.364" errors="0">
  <testcase name="Test" time="18.364" classname="executionEngine.DriverScriptTest"/>
</testsuite> <!-- executionEngine.DriverScriptTest -->
